STAR version=2.7.11b
STAR compilation time,server,dir=2024-08-16T23:28:23+02:00 login01:/tmp/eb-build/STAR/2.7.11b/GCC-13.2.0/STAR-2.7.11b/source
STAR git: 
##### Command Line:
STAR --runMode genomeGenerate --runThreadN 1 --genomeDir /home/link/John_UMIs/bcwithqc/examples/se_test_genome_index --genomeFastaFiles /home/link/John_UMIs/bcwithqc/examples/se_test_genome/se_test.fa --sjdbGTFfile /home/link/John_UMIs/bcwithqc/examples/se_test_genome/se_test.gtf --genomeSAindexNbases 3
##### Initial USER parameters from Command Line:
###### All USER parameters from Command Line:
runMode                       genomeGenerate        ~RE-DEFINED
runThreadN                    1     ~RE-DEFINED
genomeDir                     /home/link/John_UMIs/bcwithqc/examples/se_test_genome_index     ~RE-DEFINED
genomeFastaFiles              /home/link/John_UMIs/bcwithqc/examples/se_test_genome/se_test.fa        ~RE-DEFINED
sjdbGTFfile                   /home/link/John_UMIs/bcwithqc/examples/se_test_genome/se_test.gtf     ~RE-DEFINED
genomeSAindexNbases           3     ~RE-DEFINED
##### Finished reading parameters from all sources

##### Final user re-defined parameters-----------------:
runMode                           genomeGenerate   
runThreadN                        1
genomeDir                         /home/link/John_UMIs/bcwithqc/examples/se_test_genome_index
genomeFastaFiles                  /home/link/John_UMIs/bcwithqc/examples/se_test_genome/se_test.fa   
genomeSAindexNbases               3
sjdbGTFfile                       /home/link/John_UMIs/bcwithqc/examples/se_test_genome/se_test.gtf

-------------------------------
##### Final effective command line:
STAR   --runMode genomeGenerate      --runThreadN 1   --genomeDir /home/link/John_UMIs/bcwithqc/examples/se_test_genome_index   --genomeFastaFiles /home/link/John_UMIs/bcwithqc/examples/se_test_genome/se_test.fa      --genomeSAindexNbases 3   --sjdbGTFfile /home/link/John_UMIs/bcwithqc/examples/se_test_genome/se_test.gtf
----------------------------------------

Number of fastq files for each mate = 1
ParametersSolo: --soloCellFilterType CellRanger2.2 filtering parameters:  3000 0.99 10
Finished loading and checking parameters
--genomeDir directory exists and will be overwritten: /home/link/John_UMIs/bcwithqc/examples/se_test_genome_index/
Mar 25 10:38:59 ... starting to generate Genome files
/home/link/John_UMIs/bcwithqc/examples/se_test_genome/se_test.fa : chr # 0  "toy_chr" chrStart: 0
Chromosome sequence lengths: 
toy_chr	21
Genome sequence total length = 21
Genome size with padding = 262144
Mar 25 10:38:59 ..... processing annotations GTF
Processing pGe.sjdbGTFfile=/home/link/John_UMIs/bcwithqc/examples/se_test_genome/se_test.gtf, found:
		1 transcripts
		1 exons (non-collapsed)
		0 collapsed junctions
Total junctions: 0
Mar 25 10:38:59 ..... finished GTF processing

!!!!! WARNING: --genomeSAindexNbases 3 is too large for the genome size=21, which may cause seg-fault at the mapping step. Re-run genome generation with recommended --genomeSAindexNbases 1
Estimated genome size with padding and SJs: total=genome+SJ=201262144 = 262144 + 201000000
GstrandBit=32
Number of SA indices: 42
Mar 25 10:38:59 ... starting to sort Suffix Array. This may take a long time...
Number of chunks: 1;   chunks size limit: 18599685304 bytes
Mar 25 10:38:59 ... sorting Suffix Array chunks and saving them to disk...
Writing 336 bytes into /home/link/John_UMIs/bcwithqc/examples/se_test_genome_index//SA_0 ; empty space on disk = 1071287107584 bytes ... done
Mar 25 10:38:59 ... loading chunks from disk, packing SA...
Mar 25 10:38:59 ... finished generating suffix array
Mar 25 10:38:59 ... generating Suffix Array index
Mar 25 10:38:59 ... completed Suffix Array index
Mar 25 10:38:59   Finished preparing junctions
Mar 25 10:38:59 ..... finished inserting junctions into genome
Mar 25 10:38:59 ... writing Genome to disk ...
Writing 262144 bytes into /home/link/John_UMIs/bcwithqc/examples/se_test_genome_index//Genome ; empty space on disk = 1071287107584 bytes ... done
SA size in bytes: 177
Mar 25 10:38:59 ... writing Suffix Array to disk ...
Writing 177 bytes into /home/link/John_UMIs/bcwithqc/examples/se_test_genome_index//SA ; empty space on disk = 1071287107584 bytes ... done
Mar 25 10:38:59 ... writing SAindex to disk
Writing 8 bytes into /home/link/John_UMIs/bcwithqc/examples/se_test_genome_index//SAindex ; empty space on disk = 1071287107584 bytes ... done
Writing 32 bytes into /home/link/John_UMIs/bcwithqc/examples/se_test_genome_index//SAindex ; empty space on disk = 1071287107584 bytes ... done
Writing 371 bytes into /home/link/John_UMIs/bcwithqc/examples/se_test_genome_index//SAindex ; empty space on disk = 1071287107584 bytes ... done
Mar 25 10:38:59 ..... finished successfully
DONE: Genome generation, EXITING
